{"D:\\Projects\\Modalin\\Server\\app.js": {"path":"D:\\Projects\\Modalin\\Server\\app.js","statementMap":{"0":{"start":{"line":1,"column":16},"end":{"line":1,"column":34}},"1":{"start":{"line":2,"column":12},"end":{"line":2,"column":21}},"2":{"start":{"line":3,"column":15},"end":{"line":3,"column":34}},"3":{"start":{"line":4,"column":13},"end":{"line":4,"column":28}},"4":{"start":{"line":6,"column":0},"end":{"line":6,"column":16}},"5":{"start":{"line":7,"column":0},"end":{"line":7,"column":47}},"6":{"start":{"line":8,"column":0},"end":{"line":8,"column":24}},"7":{"start":{"line":10,"column":0},"end":{"line":10,"column":21}},"8":{"start":{"line":12,"column":0},"end":{"line":12,"column":21}}},"fnMap":{},"branchMap":{},"s":{"0":2,"1":2,"2":2,"3":2,"4":2,"5":2,"6":2,"7":2,"8":2},"f":{},"b":{},"_coverageSchema":"1a1c01bbd47fc00a2c39e90264f33305004495a9","hash":"bb071fc8ba855915ba1b0d0e48931a9292df19fc"}
,"D:\\Projects\\Modalin\\Server\\config\\index.js": {"path":"D:\\Projects\\Modalin\\Server\\config\\index.js","statementMap":{"0":{"start":{"line":1,"column":17},"end":{"line":1,"column":36}},"1":{"start":{"line":2,"column":0},"end":{"line":2,"column":37}},"2":{"start":{"line":4,"column":12},"end":{"line":4,"column":50}},"3":{"start":{"line":6,"column":0},"end":{"line":6,"column":96}},"4":{"start":{"line":7,"column":20},"end":{"line":7,"column":41}},"5":{"start":{"line":10,"column":20},"end":{"line":154,"column":2}},"6":{"start":{"line":20,"column":8},"end":{"line":20,"column":61}},"7":{"start":{"line":22,"column":24},"end":{"line":22,"column":62}},"8":{"start":{"line":71,"column":12},"end":{"line":71,"column":34}},"9":{"start":{"line":73,"column":28},"end":{"line":73,"column":68}},"10":{"start":{"line":156,"column":14},"end":{"line":156,"column":50}},"11":{"start":{"line":159,"column":23},"end":{"line":246,"column":2}},"12":{"start":{"line":169,"column":8},"end":{"line":169,"column":61}},"13":{"start":{"line":171,"column":24},"end":{"line":171,"column":62}},"14":{"start":{"line":215,"column":12},"end":{"line":215,"column":34}},"15":{"start":{"line":217,"column":28},"end":{"line":217,"column":68}},"16":{"start":{"line":234,"column":10},"end":{"line":234,"column":32}},"17":{"start":{"line":236,"column":26},"end":{"line":236,"column":66}},"18":{"start":{"line":248,"column":17},"end":{"line":248,"column":60}},"19":{"start":{"line":250,"column":0},"end":{"line":250,"column":37}}},"fnMap":{"0":{"name":"(anonymous_0)","decl":{"start":{"line":19,"column":17},"end":{"line":19,"column":18}},"loc":{"start":{"line":19,"column":29},"end":{"line":21,"column":7}},"line":19},"1":{"name":"(anonymous_1)","decl":{"start":{"line":22,"column":15},"end":{"line":22,"column":16}},"loc":{"start":{"line":22,"column":24},"end":{"line":22,"column":62}},"line":22},"2":{"name":"(anonymous_2)","decl":{"start":{"line":70,"column":21},"end":{"line":70,"column":22}},"loc":{"start":{"line":70,"column":33},"end":{"line":72,"column":11}},"line":70},"3":{"name":"(anonymous_3)","decl":{"start":{"line":73,"column":19},"end":{"line":73,"column":20}},"loc":{"start":{"line":73,"column":28},"end":{"line":73,"column":68}},"line":73},"4":{"name":"(anonymous_4)","decl":{"start":{"line":168,"column":17},"end":{"line":168,"column":18}},"loc":{"start":{"line":168,"column":29},"end":{"line":170,"column":7}},"line":168},"5":{"name":"(anonymous_5)","decl":{"start":{"line":171,"column":15},"end":{"line":171,"column":16}},"loc":{"start":{"line":171,"column":24},"end":{"line":171,"column":62}},"line":171},"6":{"name":"(anonymous_6)","decl":{"start":{"line":214,"column":21},"end":{"line":214,"column":22}},"loc":{"start":{"line":214,"column":33},"end":{"line":216,"column":11}},"line":214},"7":{"name":"(anonymous_7)","decl":{"start":{"line":217,"column":19},"end":{"line":217,"column":20}},"loc":{"start":{"line":217,"column":28},"end":{"line":217,"column":68}},"line":217},"8":{"name":"(anonymous_8)","decl":{"start":{"line":233,"column":19},"end":{"line":233,"column":20}},"loc":{"start":{"line":233,"column":31},"end":{"line":235,"column":9}},"line":233},"9":{"name":"(anonymous_9)","decl":{"start":{"line":236,"column":17},"end":{"line":236,"column":18}},"loc":{"start":{"line":236,"column":26},"end":{"line":236,"column":66}},"line":236}},"branchMap":{},"s":{"0":2,"1":2,"2":2,"3":2,"4":2,"5":2,"6":2,"7":0,"8":2,"9":0,"10":2,"11":2,"12":2,"13":0,"14":2,"15":0,"16":2,"17":0,"18":2,"19":2},"f":{"0":2,"1":0,"2":2,"3":0,"4":2,"5":0,"6":2,"7":0,"8":2,"9":0},"b":{},"_coverageSchema":"1a1c01bbd47fc00a2c39e90264f33305004495a9","hash":"65f4e978fbe9e66fd2a81b0fa3bd0440be0c736b"}
,"D:\\Projects\\Modalin\\Server\\controllers\\investor.js": {"path":"D:\\Projects\\Modalin\\Server\\controllers\\investor.js","statementMap":{"0":{"start":{"line":1,"column":21},"end":{"line":1,"column":41}},"1":{"start":{"line":2,"column":29},"end":{"line":2,"column":57}},"2":{"start":{"line":3,"column":26},"end":{"line":3,"column":51}},"3":{"start":{"line":9,"column":32},"end":{"line":9,"column":40}},"4":{"start":{"line":10,"column":4},"end":{"line":41,"column":5}},"5":{"start":{"line":11,"column":6},"end":{"line":35,"column":8}},"6":{"start":{"line":13,"column":8},"end":{"line":34,"column":9}},"7":{"start":{"line":14,"column":23},"end":{"line":14,"column":64}},"8":{"start":{"line":15,"column":10},"end":{"line":29,"column":11}},"9":{"start":{"line":16,"column":28},"end":{"line":18,"column":13}},"10":{"start":{"line":20,"column":26},"end":{"line":20,"column":48}},"11":{"start":{"line":22,"column":12},"end":{"line":24,"column":14}},"12":{"start":{"line":26,"column":12},"end":{"line":28,"column":14}},"13":{"start":{"line":31,"column":10},"end":{"line":33,"column":12}},"14":{"start":{"line":38,"column":8},"end":{"line":40,"column":9}},"15":{"start":{"line":45,"column":92},"end":{"line":45,"column":100}},"16":{"start":{"line":46,"column":22},"end":{"line":56,"column":5}},"17":{"start":{"line":57,"column":4},"end":{"line":75,"column":5}},"18":{"start":{"line":58,"column":6},"end":{"line":69,"column":8}},"19":{"start":{"line":59,"column":8},"end":{"line":68,"column":10}},"20":{"start":{"line":72,"column":6},"end":{"line":74,"column":8}},"21":{"start":{"line":80,"column":35},"end":{"line":80,"column":43}},"22":{"start":{"line":81,"column":19},"end":{"line":81,"column":29}},"23":{"start":{"line":83,"column":4},"end":{"line":89,"column":8}},"24":{"start":{"line":85,"column":8},"end":{"line":85,"column":46}},"25":{"start":{"line":88,"column":8},"end":{"line":88,"column":25}},"26":{"start":{"line":93,"column":19},"end":{"line":93,"column":29}},"27":{"start":{"line":95,"column":4},"end":{"line":101,"column":8}},"28":{"start":{"line":97,"column":8},"end":{"line":97,"column":76}},"29":{"start":{"line":100,"column":8},"end":{"line":100,"column":25}},"30":{"start":{"line":118,"column":0},"end":{"line":118,"column":36}}},"fnMap":{"0":{"name":"(anonymous_0)","decl":{"start":{"line":8,"column":2},"end":{"line":8,"column":3}},"loc":{"start":{"line":8,"column":32},"end":{"line":42,"column":3}},"line":8},"1":{"name":"(anonymous_1)","decl":{"start":{"line":11,"column":52},"end":{"line":11,"column":53}},"loc":{"start":{"line":11,"column":71},"end":{"line":35,"column":7}},"line":11},"2":{"name":"(anonymous_2)","decl":{"start":{"line":44,"column":2},"end":{"line":44,"column":3}},"loc":{"start":{"line":44,"column":32},"end":{"line":76,"column":3}},"line":44},"3":{"name":"(anonymous_3)","decl":{"start":{"line":58,"column":44},"end":{"line":58,"column":45}},"loc":{"start":{"line":58,"column":58},"end":{"line":69,"column":7}},"line":58},"4":{"name":"(anonymous_4)","decl":{"start":{"line":79,"column":2},"end":{"line":79,"column":3}},"loc":{"start":{"line":79,"column":37},"end":{"line":90,"column":3}},"line":79},"5":{"name":"(anonymous_5)","decl":{"start":{"line":84,"column":12},"end":{"line":84,"column":13}},"loc":{"start":{"line":84,"column":24},"end":{"line":86,"column":7}},"line":84},"6":{"name":"(anonymous_6)","decl":{"start":{"line":87,"column":13},"end":{"line":87,"column":14}},"loc":{"start":{"line":87,"column":20},"end":{"line":89,"column":7}},"line":87},"7":{"name":"(anonymous_7)","decl":{"start":{"line":92,"column":2},"end":{"line":92,"column":3}},"loc":{"start":{"line":92,"column":39},"end":{"line":102,"column":3}},"line":92},"8":{"name":"(anonymous_8)","decl":{"start":{"line":96,"column":12},"end":{"line":96,"column":13}},"loc":{"start":{"line":96,"column":17},"end":{"line":98,"column":7}},"line":96},"9":{"name":"(anonymous_9)","decl":{"start":{"line":99,"column":13},"end":{"line":99,"column":14}},"loc":{"start":{"line":99,"column":20},"end":{"line":101,"column":7}},"line":99},"10":{"name":"(anonymous_10)","decl":{"start":{"line":105,"column":2},"end":{"line":105,"column":3}},"loc":{"start":{"line":105,"column":22},"end":{"line":107,"column":3}},"line":105},"11":{"name":"(anonymous_11)","decl":{"start":{"line":109,"column":2},"end":{"line":109,"column":3}},"loc":{"start":{"line":109,"column":22},"end":{"line":111,"column":3}},"line":109},"12":{"name":"(anonymous_12)","decl":{"start":{"line":113,"column":2},"end":{"line":113,"column":3}},"loc":{"start":{"line":113,"column":24},"end":{"line":115,"column":3}},"line":113}},"branchMap":{"0":{"loc":{"start":{"line":13,"column":8},"end":{"line":34,"column":9}},"type":"if","locations":[{"start":{"line":13,"column":8},"end":{"line":34,"column":9}},{"start":{"line":13,"column":8},"end":{"line":34,"column":9}}],"line":13},"1":{"loc":{"start":{"line":15,"column":10},"end":{"line":29,"column":11}},"type":"if","locations":[{"start":{"line":15,"column":10},"end":{"line":29,"column":11}},{"start":{"line":15,"column":10},"end":{"line":29,"column":11}}],"line":15}},"s":{"0":2,"1":2,"2":2,"3":3,"4":3,"5":3,"6":3,"7":2,"8":2,"9":1,"10":1,"11":1,"12":1,"13":1,"14":0,"15":1,"16":1,"17":1,"18":1,"19":1,"20":0,"21":0,"22":0,"23":0,"24":0,"25":0,"26":0,"27":0,"28":0,"29":0,"30":2},"f":{"0":3,"1":3,"2":1,"3":1,"4":0,"5":0,"6":0,"7":0,"8":0,"9":0,"10":0,"11":0,"12":0},"b":{"0":[2,1],"1":[1,1]},"_coverageSchema":"1a1c01bbd47fc00a2c39e90264f33305004495a9","hash":"f7837fdb44de244ff3d11bf8d1369ee9f82f7643"}
,"D:\\Projects\\Modalin\\Server\\controllers\\mitra.js": {"path":"D:\\Projects\\Modalin\\Server\\controllers\\mitra.js","statementMap":{"0":{"start":{"line":1,"column":18},"end":{"line":1,"column":38}},"1":{"start":{"line":2,"column":29},"end":{"line":2,"column":57}},"2":{"start":{"line":3,"column":26},"end":{"line":3,"column":51}},"3":{"start":{"line":9,"column":32},"end":{"line":9,"column":40}},"4":{"start":{"line":10,"column":4},"end":{"line":41,"column":5}},"5":{"start":{"line":11,"column":6},"end":{"line":35,"column":8}},"6":{"start":{"line":13,"column":8},"end":{"line":34,"column":9}},"7":{"start":{"line":14,"column":23},"end":{"line":14,"column":61}},"8":{"start":{"line":15,"column":10},"end":{"line":29,"column":11}},"9":{"start":{"line":16,"column":28},"end":{"line":18,"column":13}},"10":{"start":{"line":20,"column":26},"end":{"line":20,"column":48}},"11":{"start":{"line":22,"column":12},"end":{"line":24,"column":14}},"12":{"start":{"line":26,"column":12},"end":{"line":28,"column":14}},"13":{"start":{"line":31,"column":10},"end":{"line":33,"column":12}},"14":{"start":{"line":38,"column":8},"end":{"line":40,"column":9}},"15":{"start":{"line":45,"column":89},"end":{"line":45,"column":97}},"16":{"start":{"line":46,"column":22},"end":{"line":55,"column":5}},"17":{"start":{"line":56,"column":4},"end":{"line":74,"column":5}},"18":{"start":{"line":57,"column":6},"end":{"line":67,"column":8}},"19":{"start":{"line":58,"column":8},"end":{"line":66,"column":10}},"20":{"start":{"line":70,"column":6},"end":{"line":70,"column":23}},"21":{"start":{"line":71,"column":6},"end":{"line":73,"column":8}},"22":{"start":{"line":100,"column":0},"end":{"line":100,"column":33}}},"fnMap":{"0":{"name":"(anonymous_0)","decl":{"start":{"line":8,"column":2},"end":{"line":8,"column":3}},"loc":{"start":{"line":8,"column":32},"end":{"line":42,"column":3}},"line":8},"1":{"name":"(anonymous_1)","decl":{"start":{"line":11,"column":49},"end":{"line":11,"column":50}},"loc":{"start":{"line":11,"column":65},"end":{"line":35,"column":7}},"line":11},"2":{"name":"(anonymous_2)","decl":{"start":{"line":44,"column":2},"end":{"line":44,"column":3}},"loc":{"start":{"line":44,"column":32},"end":{"line":75,"column":3}},"line":44},"3":{"name":"(anonymous_3)","decl":{"start":{"line":57,"column":41},"end":{"line":57,"column":42}},"loc":{"start":{"line":57,"column":55},"end":{"line":67,"column":7}},"line":57},"4":{"name":"(anonymous_4)","decl":{"start":{"line":78,"column":2},"end":{"line":78,"column":3}},"loc":{"start":{"line":78,"column":23},"end":{"line":80,"column":3}},"line":78},"5":{"name":"(anonymous_5)","decl":{"start":{"line":82,"column":2},"end":{"line":82,"column":3}},"loc":{"start":{"line":82,"column":25},"end":{"line":84,"column":3}},"line":82},"6":{"name":"(anonymous_6)","decl":{"start":{"line":87,"column":2},"end":{"line":87,"column":3}},"loc":{"start":{"line":87,"column":24},"end":{"line":89,"column":3}},"line":87},"7":{"name":"(anonymous_7)","decl":{"start":{"line":91,"column":2},"end":{"line":91,"column":3}},"loc":{"start":{"line":91,"column":24},"end":{"line":93,"column":3}},"line":91},"8":{"name":"(anonymous_8)","decl":{"start":{"line":95,"column":2},"end":{"line":95,"column":3}},"loc":{"start":{"line":95,"column":26},"end":{"line":97,"column":3}},"line":95}},"branchMap":{"0":{"loc":{"start":{"line":13,"column":8},"end":{"line":34,"column":9}},"type":"if","locations":[{"start":{"line":13,"column":8},"end":{"line":34,"column":9}},{"start":{"line":13,"column":8},"end":{"line":34,"column":9}}],"line":13},"1":{"loc":{"start":{"line":15,"column":10},"end":{"line":29,"column":11}},"type":"if","locations":[{"start":{"line":15,"column":10},"end":{"line":29,"column":11}},{"start":{"line":15,"column":10},"end":{"line":29,"column":11}}],"line":15}},"s":{"0":2,"1":2,"2":2,"3":3,"4":3,"5":3,"6":3,"7":2,"8":2,"9":1,"10":1,"11":1,"12":1,"13":1,"14":0,"15":1,"16":1,"17":1,"18":1,"19":1,"20":0,"21":0,"22":2},"f":{"0":3,"1":3,"2":1,"3":1,"4":0,"5":0,"6":0,"7":0,"8":0},"b":{"0":[2,1],"1":[1,1]},"_coverageSchema":"1a1c01bbd47fc00a2c39e90264f33305004495a9","hash":"45fc649b36ed934f2fe0b4b026836e303f5b6715"}
,"D:\\Projects\\Modalin\\Server\\helpers\\bcrypt.js": {"path":"D:\\Projects\\Modalin\\Server\\helpers\\bcrypt.js","statementMap":{"0":{"start":{"line":1,"column":15},"end":{"line":1,"column":32}},"1":{"start":{"line":4,"column":17},"end":{"line":4,"column":39}},"2":{"start":{"line":5,"column":4},"end":{"line":5,"column":43}},"3":{"start":{"line":9,"column":4},"end":{"line":9,"column":45}},"4":{"start":{"line":12,"column":0},"end":{"line":12,"column":37}}},"fnMap":{"0":{"name":"encrypt","decl":{"start":{"line":3,"column":9},"end":{"line":3,"column":16}},"loc":{"start":{"line":3,"column":28},"end":{"line":6,"column":1}},"line":3},"1":{"name":"decrypt","decl":{"start":{"line":8,"column":9},"end":{"line":8,"column":16}},"loc":{"start":{"line":8,"column":34},"end":{"line":10,"column":1}},"line":8}},"branchMap":{},"s":{"0":2,"1":6,"2":6,"3":4,"4":2},"f":{"0":6,"1":4},"b":{},"_coverageSchema":"1a1c01bbd47fc00a2c39e90264f33305004495a9","hash":"55986a33cfcec5b477399fead986f2d445e28b3a"}
,"D:\\Projects\\Modalin\\Server\\helpers\\jwt.js": {"path":"D:\\Projects\\Modalin\\Server\\helpers\\jwt.js","statementMap":{"0":{"start":{"line":1,"column":12},"end":{"line":1,"column":35}},"1":{"start":{"line":4,"column":4},"end":{"line":4,"column":38}},"2":{"start":{"line":8,"column":4},"end":{"line":8,"column":38}},"3":{"start":{"line":11,"column":0},"end":{"line":11,"column":47}}},"fnMap":{"0":{"name":"generateToken","decl":{"start":{"line":3,"column":9},"end":{"line":3,"column":22}},"loc":{"start":{"line":3,"column":33},"end":{"line":5,"column":1}},"line":3},"1":{"name":"verifyToken","decl":{"start":{"line":7,"column":9},"end":{"line":7,"column":20}},"loc":{"start":{"line":7,"column":29},"end":{"line":9,"column":1}},"line":7}},"branchMap":{},"s":{"0":2,"1":2,"2":0,"3":2},"f":{"0":2,"1":0},"b":{},"_coverageSchema":"1a1c01bbd47fc00a2c39e90264f33305004495a9","hash":"a0f486c86d9beebc3096515c8ced3a92db5cc9ac"}
,"D:\\Projects\\Modalin\\Server\\routes\\index.js": {"path":"D:\\Projects\\Modalin\\Server\\routes\\index.js","statementMap":{"0":{"start":{"line":1,"column":15},"end":{"line":1,"column":42}},"1":{"start":{"line":2,"column":14},"end":{"line":2,"column":32}},"2":{"start":{"line":3,"column":17},"end":{"line":3,"column":38}},"3":{"start":{"line":5,"column":0},"end":{"line":5,"column":28}},"4":{"start":{"line":6,"column":0},"end":{"line":6,"column":34}},"5":{"start":{"line":8,"column":0},"end":{"line":8,"column":24}}},"fnMap":{},"branchMap":{},"s":{"0":2,"1":2,"2":2,"3":2,"4":2,"5":2},"f":{},"b":{},"_coverageSchema":"1a1c01bbd47fc00a2c39e90264f33305004495a9","hash":"60a8adbbbb288bea2eac36a878562cb796545d96"}
,"D:\\Projects\\Modalin\\Server\\routes\\investor.js": {"path":"D:\\Projects\\Modalin\\Server\\routes\\investor.js","statementMap":{"0":{"start":{"line":1,"column":15},"end":{"line":1,"column":42}},"1":{"start":{"line":2,"column":27},"end":{"line":2,"column":61}},"2":{"start":{"line":6,"column":0},"end":{"line":6,"column":50}},"3":{"start":{"line":7,"column":0},"end":{"line":7,"column":50}},"4":{"start":{"line":12,"column":0},"end":{"line":12,"column":53}},"5":{"start":{"line":13,"column":0},"end":{"line":13,"column":56}},"6":{"start":{"line":21,"column":0},"end":{"line":21,"column":24}}},"fnMap":{},"branchMap":{},"s":{"0":2,"1":2,"2":2,"3":2,"4":2,"5":2,"6":2},"f":{},"b":{},"_coverageSchema":"1a1c01bbd47fc00a2c39e90264f33305004495a9","hash":"7367939f7a34da01f56c196038e97f477de7b36c"}
,"D:\\Projects\\Modalin\\Server\\routes\\mitra.js": {"path":"D:\\Projects\\Modalin\\Server\\routes\\mitra.js","statementMap":{"0":{"start":{"line":1,"column":15},"end":{"line":1,"column":42}},"1":{"start":{"line":2,"column":24},"end":{"line":2,"column":55}},"2":{"start":{"line":6,"column":0},"end":{"line":6,"column":47}},"3":{"start":{"line":7,"column":0},"end":{"line":7,"column":47}},"4":{"start":{"line":21,"column":0},"end":{"line":21,"column":24}}},"fnMap":{},"branchMap":{},"s":{"0":2,"1":2,"2":2,"3":2,"4":2},"f":{},"b":{},"_coverageSchema":"1a1c01bbd47fc00a2c39e90264f33305004495a9","hash":"b9f7d44f0b30a376c17c4e0541c4c5ad211b2cf5"}
}
