{"/home/virna/Documents/fase3/server_final/app.js": {"path":"/home/virna/Documents/fase3/server_final/app.js","statementMap":{"0":{"start":{"line":1,"column":16},"end":{"line":1,"column":34}},"1":{"start":{"line":2,"column":12},"end":{"line":2,"column":21}},"2":{"start":{"line":3,"column":15},"end":{"line":3,"column":34}},"3":{"start":{"line":4,"column":13},"end":{"line":4,"column":28}},"4":{"start":{"line":6,"column":0},"end":{"line":6,"column":16}},"5":{"start":{"line":7,"column":0},"end":{"line":7,"column":47}},"6":{"start":{"line":8,"column":0},"end":{"line":8,"column":24}},"7":{"start":{"line":10,"column":0},"end":{"line":10,"column":21}},"8":{"start":{"line":12,"column":0},"end":{"line":12,"column":21}}},"fnMap":{},"branchMap":{},"s":{"0":1,"1":1,"2":1,"3":1,"4":1,"5":1,"6":1,"7":1,"8":1},"f":{},"b":{},"_coverageSchema":"1a1c01bbd47fc00a2c39e90264f33305004495a9","hash":"e470dbd2610f30de7c3c9ac391eef9413d9addf8"}
,"/home/virna/Documents/fase3/server_final/config/index.js": {"path":"/home/virna/Documents/fase3/server_final/config/index.js","statementMap":{"0":{"start":{"line":1,"column":17},"end":{"line":1,"column":36}},"1":{"start":{"line":2,"column":0},"end":{"line":2,"column":37}},"2":{"start":{"line":4,"column":12},"end":{"line":4,"column":50}},"3":{"start":{"line":6,"column":0},"end":{"line":6,"column":96}},"4":{"start":{"line":7,"column":20},"end":{"line":7,"column":41}},"5":{"start":{"line":10,"column":20},"end":{"line":154,"column":2}},"6":{"start":{"line":20,"column":8},"end":{"line":20,"column":61}},"7":{"start":{"line":22,"column":24},"end":{"line":22,"column":62}},"8":{"start":{"line":71,"column":12},"end":{"line":71,"column":34}},"9":{"start":{"line":73,"column":28},"end":{"line":73,"column":68}},"10":{"start":{"line":156,"column":14},"end":{"line":156,"column":50}},"11":{"start":{"line":159,"column":23},"end":{"line":246,"column":2}},"12":{"start":{"line":169,"column":8},"end":{"line":169,"column":61}},"13":{"start":{"line":171,"column":24},"end":{"line":171,"column":62}},"14":{"start":{"line":215,"column":12},"end":{"line":215,"column":34}},"15":{"start":{"line":217,"column":28},"end":{"line":217,"column":68}},"16":{"start":{"line":234,"column":10},"end":{"line":234,"column":32}},"17":{"start":{"line":236,"column":26},"end":{"line":236,"column":66}},"18":{"start":{"line":248,"column":17},"end":{"line":248,"column":60}},"19":{"start":{"line":250,"column":0},"end":{"line":250,"column":37}}},"fnMap":{"0":{"name":"(anonymous_0)","decl":{"start":{"line":19,"column":17},"end":{"line":19,"column":18}},"loc":{"start":{"line":19,"column":29},"end":{"line":21,"column":7}},"line":19},"1":{"name":"(anonymous_1)","decl":{"start":{"line":22,"column":15},"end":{"line":22,"column":16}},"loc":{"start":{"line":22,"column":24},"end":{"line":22,"column":62}},"line":22},"2":{"name":"(anonymous_2)","decl":{"start":{"line":70,"column":21},"end":{"line":70,"column":22}},"loc":{"start":{"line":70,"column":33},"end":{"line":72,"column":11}},"line":70},"3":{"name":"(anonymous_3)","decl":{"start":{"line":73,"column":19},"end":{"line":73,"column":20}},"loc":{"start":{"line":73,"column":28},"end":{"line":73,"column":68}},"line":73},"4":{"name":"(anonymous_4)","decl":{"start":{"line":168,"column":17},"end":{"line":168,"column":18}},"loc":{"start":{"line":168,"column":29},"end":{"line":170,"column":7}},"line":168},"5":{"name":"(anonymous_5)","decl":{"start":{"line":171,"column":15},"end":{"line":171,"column":16}},"loc":{"start":{"line":171,"column":24},"end":{"line":171,"column":62}},"line":171},"6":{"name":"(anonymous_6)","decl":{"start":{"line":214,"column":21},"end":{"line":214,"column":22}},"loc":{"start":{"line":214,"column":33},"end":{"line":216,"column":11}},"line":214},"7":{"name":"(anonymous_7)","decl":{"start":{"line":217,"column":19},"end":{"line":217,"column":20}},"loc":{"start":{"line":217,"column":28},"end":{"line":217,"column":68}},"line":217},"8":{"name":"(anonymous_8)","decl":{"start":{"line":233,"column":19},"end":{"line":233,"column":20}},"loc":{"start":{"line":233,"column":31},"end":{"line":235,"column":9}},"line":233},"9":{"name":"(anonymous_9)","decl":{"start":{"line":236,"column":17},"end":{"line":236,"column":18}},"loc":{"start":{"line":236,"column":26},"end":{"line":236,"column":66}},"line":236}},"branchMap":{},"s":{"0":1,"1":1,"2":1,"3":1,"4":1,"5":1,"6":2,"7":0,"8":2,"9":0,"10":1,"11":1,"12":2,"13":0,"14":2,"15":0,"16":2,"17":0,"18":1,"19":1},"f":{"0":2,"1":0,"2":2,"3":0,"4":2,"5":0,"6":2,"7":0,"8":2,"9":0},"b":{},"_coverageSchema":"1a1c01bbd47fc00a2c39e90264f33305004495a9","hash":"cc1314ff667b96ac08235e72f3f7d3247fdeb74d"}
,"/home/virna/Documents/fase3/server_final/controllers/investor.js": {"path":"/home/virna/Documents/fase3/server_final/controllers/investor.js","statementMap":{"0":{"start":{"line":1,"column":21},"end":{"line":1,"column":41}},"1":{"start":{"line":2,"column":29},"end":{"line":2,"column":57}},"2":{"start":{"line":3,"column":26},"end":{"line":3,"column":51}},"3":{"start":{"line":9,"column":32},"end":{"line":9,"column":40}},"4":{"start":{"line":10,"column":4},"end":{"line":41,"column":5}},"5":{"start":{"line":11,"column":6},"end":{"line":35,"column":8}},"6":{"start":{"line":13,"column":8},"end":{"line":34,"column":9}},"7":{"start":{"line":14,"column":23},"end":{"line":14,"column":64}},"8":{"start":{"line":15,"column":10},"end":{"line":29,"column":11}},"9":{"start":{"line":16,"column":28},"end":{"line":18,"column":13}},"10":{"start":{"line":20,"column":26},"end":{"line":20,"column":48}},"11":{"start":{"line":22,"column":12},"end":{"line":24,"column":14}},"12":{"start":{"line":26,"column":12},"end":{"line":28,"column":14}},"13":{"start":{"line":31,"column":10},"end":{"line":33,"column":12}},"14":{"start":{"line":38,"column":8},"end":{"line":40,"column":9}},"15":{"start":{"line":45,"column":92},"end":{"line":45,"column":100}},"16":{"start":{"line":46,"column":22},"end":{"line":56,"column":5}},"17":{"start":{"line":57,"column":4},"end":{"line":75,"column":5}},"18":{"start":{"line":58,"column":6},"end":{"line":69,"column":8}},"19":{"start":{"line":59,"column":8},"end":{"line":68,"column":10}},"20":{"start":{"line":72,"column":6},"end":{"line":74,"column":8}},"21":{"start":{"line":101,"column":0},"end":{"line":101,"column":36}}},"fnMap":{"0":{"name":"(anonymous_0)","decl":{"start":{"line":8,"column":2},"end":{"line":8,"column":3}},"loc":{"start":{"line":8,"column":32},"end":{"line":42,"column":3}},"line":8},"1":{"name":"(anonymous_1)","decl":{"start":{"line":11,"column":52},"end":{"line":11,"column":53}},"loc":{"start":{"line":11,"column":71},"end":{"line":35,"column":7}},"line":11},"2":{"name":"(anonymous_2)","decl":{"start":{"line":44,"column":2},"end":{"line":44,"column":3}},"loc":{"start":{"line":44,"column":32},"end":{"line":76,"column":3}},"line":44},"3":{"name":"(anonymous_3)","decl":{"start":{"line":58,"column":44},"end":{"line":58,"column":45}},"loc":{"start":{"line":58,"column":58},"end":{"line":69,"column":7}},"line":58},"4":{"name":"(anonymous_4)","decl":{"start":{"line":79,"column":2},"end":{"line":79,"column":3}},"loc":{"start":{"line":79,"column":23},"end":{"line":81,"column":3}},"line":79},"5":{"name":"(anonymous_5)","decl":{"start":{"line":83,"column":2},"end":{"line":83,"column":3}},"loc":{"start":{"line":83,"column":25},"end":{"line":85,"column":3}},"line":83},"6":{"name":"(anonymous_6)","decl":{"start":{"line":88,"column":2},"end":{"line":88,"column":3}},"loc":{"start":{"line":88,"column":22},"end":{"line":90,"column":3}},"line":88},"7":{"name":"(anonymous_7)","decl":{"start":{"line":92,"column":2},"end":{"line":92,"column":3}},"loc":{"start":{"line":92,"column":22},"end":{"line":94,"column":3}},"line":92},"8":{"name":"(anonymous_8)","decl":{"start":{"line":96,"column":2},"end":{"line":96,"column":3}},"loc":{"start":{"line":96,"column":24},"end":{"line":98,"column":3}},"line":96}},"branchMap":{"0":{"loc":{"start":{"line":13,"column":8},"end":{"line":34,"column":9}},"type":"if","locations":[{"start":{"line":13,"column":8},"end":{"line":34,"column":9}},{"start":{"line":13,"column":8},"end":{"line":34,"column":9}}],"line":13},"1":{"loc":{"start":{"line":15,"column":10},"end":{"line":29,"column":11}},"type":"if","locations":[{"start":{"line":15,"column":10},"end":{"line":29,"column":11}},{"start":{"line":15,"column":10},"end":{"line":29,"column":11}}],"line":15}},"s":{"0":1,"1":1,"2":1,"3":3,"4":3,"5":3,"6":3,"7":2,"8":2,"9":1,"10":1,"11":1,"12":1,"13":1,"14":0,"15":1,"16":1,"17":1,"18":1,"19":1,"20":0,"21":1},"f":{"0":3,"1":3,"2":1,"3":1,"4":0,"5":0,"6":0,"7":0,"8":0},"b":{"0":[2,1],"1":[1,1]},"_coverageSchema":"1a1c01bbd47fc00a2c39e90264f33305004495a9","hash":"f7bbefaa4be47476f4fd6bf6026876a00e6b1e4a"}
,"/home/virna/Documents/fase3/server_final/controllers/mitra.js": {"path":"/home/virna/Documents/fase3/server_final/controllers/mitra.js","statementMap":{"0":{"start":{"line":1,"column":18},"end":{"line":1,"column":38}},"1":{"start":{"line":2,"column":29},"end":{"line":2,"column":57}},"2":{"start":{"line":3,"column":26},"end":{"line":3,"column":51}},"3":{"start":{"line":9,"column":32},"end":{"line":9,"column":40}},"4":{"start":{"line":10,"column":4},"end":{"line":41,"column":5}},"5":{"start":{"line":11,"column":6},"end":{"line":35,"column":8}},"6":{"start":{"line":13,"column":8},"end":{"line":34,"column":9}},"7":{"start":{"line":14,"column":23},"end":{"line":14,"column":61}},"8":{"start":{"line":15,"column":10},"end":{"line":29,"column":11}},"9":{"start":{"line":16,"column":28},"end":{"line":18,"column":13}},"10":{"start":{"line":20,"column":26},"end":{"line":20,"column":48}},"11":{"start":{"line":22,"column":12},"end":{"line":24,"column":14}},"12":{"start":{"line":26,"column":12},"end":{"line":28,"column":14}},"13":{"start":{"line":31,"column":10},"end":{"line":33,"column":12}},"14":{"start":{"line":38,"column":8},"end":{"line":40,"column":9}},"15":{"start":{"line":45,"column":89},"end":{"line":45,"column":97}},"16":{"start":{"line":46,"column":22},"end":{"line":55,"column":5}},"17":{"start":{"line":56,"column":4},"end":{"line":74,"column":5}},"18":{"start":{"line":57,"column":6},"end":{"line":67,"column":8}},"19":{"start":{"line":58,"column":8},"end":{"line":66,"column":10}},"20":{"start":{"line":70,"column":6},"end":{"line":70,"column":23}},"21":{"start":{"line":71,"column":6},"end":{"line":73,"column":8}},"22":{"start":{"line":100,"column":0},"end":{"line":100,"column":33}}},"fnMap":{"0":{"name":"(anonymous_0)","decl":{"start":{"line":8,"column":2},"end":{"line":8,"column":3}},"loc":{"start":{"line":8,"column":32},"end":{"line":42,"column":3}},"line":8},"1":{"name":"(anonymous_1)","decl":{"start":{"line":11,"column":49},"end":{"line":11,"column":50}},"loc":{"start":{"line":11,"column":65},"end":{"line":35,"column":7}},"line":11},"2":{"name":"(anonymous_2)","decl":{"start":{"line":44,"column":2},"end":{"line":44,"column":3}},"loc":{"start":{"line":44,"column":32},"end":{"line":75,"column":3}},"line":44},"3":{"name":"(anonymous_3)","decl":{"start":{"line":57,"column":41},"end":{"line":57,"column":42}},"loc":{"start":{"line":57,"column":55},"end":{"line":67,"column":7}},"line":57},"4":{"name":"(anonymous_4)","decl":{"start":{"line":78,"column":2},"end":{"line":78,"column":3}},"loc":{"start":{"line":78,"column":23},"end":{"line":80,"column":3}},"line":78},"5":{"name":"(anonymous_5)","decl":{"start":{"line":82,"column":2},"end":{"line":82,"column":3}},"loc":{"start":{"line":82,"column":25},"end":{"line":84,"column":3}},"line":82},"6":{"name":"(anonymous_6)","decl":{"start":{"line":87,"column":2},"end":{"line":87,"column":3}},"loc":{"start":{"line":87,"column":24},"end":{"line":89,"column":3}},"line":87},"7":{"name":"(anonymous_7)","decl":{"start":{"line":91,"column":2},"end":{"line":91,"column":3}},"loc":{"start":{"line":91,"column":24},"end":{"line":93,"column":3}},"line":91},"8":{"name":"(anonymous_8)","decl":{"start":{"line":95,"column":2},"end":{"line":95,"column":3}},"loc":{"start":{"line":95,"column":26},"end":{"line":97,"column":3}},"line":95}},"branchMap":{"0":{"loc":{"start":{"line":13,"column":8},"end":{"line":34,"column":9}},"type":"if","locations":[{"start":{"line":13,"column":8},"end":{"line":34,"column":9}},{"start":{"line":13,"column":8},"end":{"line":34,"column":9}}],"line":13},"1":{"loc":{"start":{"line":15,"column":10},"end":{"line":29,"column":11}},"type":"if","locations":[{"start":{"line":15,"column":10},"end":{"line":29,"column":11}},{"start":{"line":15,"column":10},"end":{"line":29,"column":11}}],"line":15}},"s":{"0":1,"1":1,"2":1,"3":3,"4":3,"5":3,"6":3,"7":2,"8":2,"9":1,"10":1,"11":1,"12":1,"13":1,"14":0,"15":1,"16":1,"17":1,"18":1,"19":1,"20":0,"21":0,"22":1},"f":{"0":3,"1":3,"2":1,"3":1,"4":0,"5":0,"6":0,"7":0,"8":0},"b":{"0":[2,1],"1":[1,1]},"_coverageSchema":"1a1c01bbd47fc00a2c39e90264f33305004495a9","hash":"500ec4515583bfcd39be0ac3258dab717bbc855d"}
,"/home/virna/Documents/fase3/server_final/helpers/bcrypt.js": {"path":"/home/virna/Documents/fase3/server_final/helpers/bcrypt.js","statementMap":{"0":{"start":{"line":1,"column":15},"end":{"line":1,"column":32}},"1":{"start":{"line":4,"column":17},"end":{"line":4,"column":39}},"2":{"start":{"line":5,"column":4},"end":{"line":5,"column":43}},"3":{"start":{"line":9,"column":4},"end":{"line":9,"column":45}},"4":{"start":{"line":12,"column":0},"end":{"line":12,"column":37}}},"fnMap":{"0":{"name":"encrypt","decl":{"start":{"line":3,"column":9},"end":{"line":3,"column":16}},"loc":{"start":{"line":3,"column":28},"end":{"line":6,"column":1}},"line":3},"1":{"name":"decrypt","decl":{"start":{"line":8,"column":9},"end":{"line":8,"column":16}},"loc":{"start":{"line":8,"column":34},"end":{"line":10,"column":1}},"line":8}},"branchMap":{},"s":{"0":1,"1":6,"2":6,"3":4,"4":1},"f":{"0":6,"1":4},"b":{},"_coverageSchema":"1a1c01bbd47fc00a2c39e90264f33305004495a9","hash":"2c8f8d6666d57628dedf5a8278d61ddee62f6cfd"}
,"/home/virna/Documents/fase3/server_final/helpers/jwt.js": {"path":"/home/virna/Documents/fase3/server_final/helpers/jwt.js","statementMap":{"0":{"start":{"line":1,"column":12},"end":{"line":1,"column":35}},"1":{"start":{"line":4,"column":4},"end":{"line":4,"column":38}},"2":{"start":{"line":8,"column":4},"end":{"line":8,"column":38}},"3":{"start":{"line":11,"column":0},"end":{"line":11,"column":47}}},"fnMap":{"0":{"name":"generateToken","decl":{"start":{"line":3,"column":9},"end":{"line":3,"column":22}},"loc":{"start":{"line":3,"column":33},"end":{"line":5,"column":1}},"line":3},"1":{"name":"verifyToken","decl":{"start":{"line":7,"column":9},"end":{"line":7,"column":20}},"loc":{"start":{"line":7,"column":29},"end":{"line":9,"column":1}},"line":7}},"branchMap":{},"s":{"0":1,"1":2,"2":0,"3":1},"f":{"0":2,"1":0},"b":{},"_coverageSchema":"1a1c01bbd47fc00a2c39e90264f33305004495a9","hash":"77a97e2ba96dcee41a751287254b3d4dd83925ed"}
,"/home/virna/Documents/fase3/server_final/routes/index.js": {"path":"/home/virna/Documents/fase3/server_final/routes/index.js","statementMap":{"0":{"start":{"line":1,"column":15},"end":{"line":1,"column":42}},"1":{"start":{"line":2,"column":14},"end":{"line":2,"column":32}},"2":{"start":{"line":3,"column":17},"end":{"line":3,"column":38}},"3":{"start":{"line":5,"column":0},"end":{"line":5,"column":28}},"4":{"start":{"line":6,"column":0},"end":{"line":6,"column":34}},"5":{"start":{"line":8,"column":0},"end":{"line":8,"column":24}}},"fnMap":{},"branchMap":{},"s":{"0":1,"1":1,"2":1,"3":1,"4":1,"5":1},"f":{},"b":{},"_coverageSchema":"1a1c01bbd47fc00a2c39e90264f33305004495a9","hash":"33fe57636f90e7076b947ab113dae70c2eb8156e"}
,"/home/virna/Documents/fase3/server_final/routes/investor.js": {"path":"/home/virna/Documents/fase3/server_final/routes/investor.js","statementMap":{"0":{"start":{"line":1,"column":15},"end":{"line":1,"column":42}},"1":{"start":{"line":2,"column":27},"end":{"line":2,"column":61}},"2":{"start":{"line":6,"column":0},"end":{"line":6,"column":50}},"3":{"start":{"line":7,"column":0},"end":{"line":7,"column":50}},"4":{"start":{"line":21,"column":0},"end":{"line":21,"column":24}}},"fnMap":{},"branchMap":{},"s":{"0":1,"1":1,"2":1,"3":1,"4":1},"f":{},"b":{},"_coverageSchema":"1a1c01bbd47fc00a2c39e90264f33305004495a9","hash":"00c27c0dd61452b7c14663eff307feb793e04d1d"}
,"/home/virna/Documents/fase3/server_final/routes/mitra.js": {"path":"/home/virna/Documents/fase3/server_final/routes/mitra.js","statementMap":{"0":{"start":{"line":1,"column":15},"end":{"line":1,"column":42}},"1":{"start":{"line":2,"column":24},"end":{"line":2,"column":55}},"2":{"start":{"line":6,"column":0},"end":{"line":6,"column":47}},"3":{"start":{"line":7,"column":0},"end":{"line":7,"column":47}},"4":{"start":{"line":21,"column":0},"end":{"line":21,"column":24}}},"fnMap":{},"branchMap":{},"s":{"0":1,"1":1,"2":1,"3":1,"4":1},"f":{},"b":{},"_coverageSchema":"1a1c01bbd47fc00a2c39e90264f33305004495a9","hash":"52cfb7f27781560037ea761a28c13ef9280a3fba"}
}
