TN:
SF:app.js
FN:11,(anonymous_0)
FNF:1
FNH:1
FNDA:1,(anonymous_0)
DA:1,1
DA:2,1
DA:3,1
DA:4,1
DA:6,1
DA:7,1
DA:8,1
DA:10,1
DA:11,1
DA:12,1
DA:13,0
DA:15,1
DA:19,1
LF:13
LH:12
BRDA:12,0,0,0
BRDA:12,0,1,1
BRF:2
BRH:1
end_of_record
TN:
SF:config\index.js
FN:104,(anonymous_0)
FN:107,(anonymous_1)
FN:164,(anonymous_2)
FN:167,(anonymous_3)
FN:194,(anonymous_4)
FN:197,(anonymous_5)
FN:220,(anonymous_6)
FN:223,(anonymous_7)
FN:246,(anonymous_8)
FN:249,(anonymous_9)
FN:265,(anonymous_10)
FN:268,(anonymous_11)
FNF:12
FNH:0
FNDA:0,(anonymous_0)
FNDA:0,(anonymous_1)
FNDA:0,(anonymous_2)
FNDA:0,(anonymous_3)
FNDA:0,(anonymous_4)
FNDA:0,(anonymous_5)
FNDA:0,(anonymous_6)
FNDA:0,(anonymous_7)
FNDA:0,(anonymous_8)
FNDA:0,(anonymous_9)
FNDA:0,(anonymous_10)
FNDA:0,(anonymous_11)
DA:1,1
DA:2,1
DA:4,1
DA:6,1
DA:9,1
DA:92,1
DA:95,1
DA:105,0
DA:107,0
DA:165,0
DA:167,0
DA:182,1
DA:185,1
DA:195,0
DA:197,0
DA:221,0
DA:223,0
DA:247,0
DA:249,0
DA:266,0
DA:268,0
DA:286,1
DA:288,1
LF:23
LH:11
BRF:0
BRH:0
end_of_record
TN:
SF:controllers\investor.js
FN:8,(anonymous_0)
FN:12,(anonymous_1)
FN:54,(anonymous_2)
FN:70,(anonymous_3)
FN:91,(anonymous_4)
FN:104,(anonymous_5)
FN:109,(anonymous_6)
FN:115,(anonymous_7)
FN:120,(anonymous_8)
FN:126,(anonymous_9)
FN:133,(anonymous_10)
FN:138,(anonymous_11)
FN:142,(anonymous_12)
FN:149,(anonymous_13)
FN:155,(anonymous_14)
FN:159,(anonymous_15)
FN:163,(anonymous_16)
FN:168,(anonymous_17)
FN:173,(anonymous_18)
FN:176,(anonymous_19)
FN:182,(anonymous_20)
FN:184,(anonymous_21)
FN:187,(anonymous_22)
FN:192,(anonymous_23)
FN:196,(anonymous_24)
FN:198,(anonymous_25)
FN:199,(anonymous_26)
FN:207,(anonymous_27)
FN:212,(anonymous_28)
FN:219,(anonymous_29)
FN:224,(anonymous_30)
FN:230,(anonymous_31)
FN:233,(anonymous_32)
FN:237,(anonymous_33)
FN:244,(anonymous_34)
FN:255,(anonymous_35)
FNF:36
FNH:1
FNDA:0,(anonymous_0)
FNDA:0,(anonymous_1)
FNDA:0,(anonymous_2)
FNDA:0,(anonymous_3)
FNDA:0,(anonymous_4)
FNDA:1,(anonymous_5)
FNDA:0,(anonymous_6)
FNDA:0,(anonymous_7)
FNDA:0,(anonymous_8)
FNDA:0,(anonymous_9)
FNDA:0,(anonymous_10)
FNDA:0,(anonymous_11)
FNDA:0,(anonymous_12)
FNDA:0,(anonymous_13)
FNDA:0,(anonymous_14)
FNDA:0,(anonymous_15)
FNDA:0,(anonymous_16)
FNDA:0,(anonymous_17)
FNDA:0,(anonymous_18)
FNDA:0,(anonymous_19)
FNDA:0,(anonymous_20)
FNDA:0,(anonymous_21)
FNDA:0,(anonymous_22)
FNDA:0,(anonymous_23)
FNDA:0,(anonymous_24)
FNDA:0,(anonymous_25)
FNDA:0,(anonymous_26)
FNDA:0,(anonymous_27)
FNDA:0,(anonymous_28)
FNDA:0,(anonymous_29)
FNDA:0,(anonymous_30)
FNDA:0,(anonymous_31)
FNDA:0,(anonymous_32)
FNDA:0,(anonymous_33)
FNDA:0,(anonymous_34)
FNDA:0,(anonymous_35)
DA:1,1
DA:2,1
DA:3,1
DA:9,0
DA:10,0
DA:11,0
DA:12,0
DA:14,0
DA:15,0
DA:16,0
DA:17,0
DA:21,0
DA:22,0
DA:35,0
DA:40,0
DA:47,0
DA:55,0
DA:56,0
DA:57,0
DA:58,0
DA:69,0
DA:70,0
DA:71,0
DA:84,0
DA:85,0
DA:92,0
DA:93,0
DA:94,0
DA:95,0
DA:97,0
DA:106,1
DA:108,0
DA:110,0
DA:111,0
DA:112,0
DA:113,0
DA:116,0
DA:121,0
DA:122,0
DA:123,0
DA:125,0
DA:127,0
DA:128,0
DA:129,0
DA:130,0
DA:131,0
DA:134,0
DA:139,0
DA:141,0
DA:143,0
DA:144,0
DA:146,0
DA:150,0
DA:156,0
DA:157,0
DA:158,0
DA:161,0
DA:164,0
DA:169,0
DA:170,0
DA:172,0
DA:174,0
DA:177,0
DA:183,0
DA:185,0
DA:188,0
DA:193,0
DA:195,0
DA:197,0
DA:198,0
DA:199,0
DA:200,0
DA:202,0
DA:205,0
DA:206,0
DA:208,0
DA:209,0
DA:210,0
DA:213,0
DA:216,0
DA:220,0
DA:225,0
DA:226,0
DA:227,0
DA:229,0
DA:231,0
DA:232,0
DA:233,0
DA:234,0
DA:236,0
DA:238,0
DA:239,0
DA:240,0
DA:242,0
DA:245,0
DA:249,0
DA:252,0
DA:256,0
DA:261,1
LF:99
LH:5
BRDA:14,0,0,0
BRDA:14,0,1,0
BRDA:16,1,0,0
BRDA:16,1,1,0
BRDA:143,2,0,0
BRDA:143,2,1,0
BRDA:200,3,0,0
BRDA:200,3,1,0
BRDA:205,4,0,0
BRDA:205,4,1,0
BRDA:231,5,0,0
BRDA:231,5,1,0
BRDA:232,6,0,0
BRDA:232,6,1,0
BRDA:232,7,0,0
BRDA:232,7,1,0
BRDA:233,8,0,0
BRDA:233,8,1,0
BRDA:238,9,0,0
BRDA:238,9,1,0
BRF:20
BRH:0
end_of_record
TN:
SF:controllers\mitra.js
FN:9,(anonymous_0)
FN:12,(anonymous_1)
FN:45,(anonymous_2)
FN:73,(anonymous_3)
FN:94,(anonymous_4)
FN:106,(anonymous_5)
FN:122,(anonymous_6)
FN:129,(anonymous_7)
FN:142,(anonymous_8)
FN:192,(anonymous_9)
FN:205,(anonymous_10)
FN:254,(anonymous_11)
FN:269,(anonymous_12)
FN:285,(anonymous_13)
FN:297,(anonymous_14)
FN:312,(anonymous_15)
FNF:16
FNH:0
FNDA:0,(anonymous_0)
FNDA:0,(anonymous_1)
FNDA:0,(anonymous_2)
FNDA:0,(anonymous_3)
FNDA:0,(anonymous_4)
FNDA:0,(anonymous_5)
FNDA:0,(anonymous_6)
FNDA:0,(anonymous_7)
FNDA:0,(anonymous_8)
FNDA:0,(anonymous_9)
FNDA:0,(anonymous_10)
FNDA:0,(anonymous_11)
FNDA:0,(anonymous_12)
FNDA:0,(anonymous_13)
FNDA:0,(anonymous_14)
FNDA:0,(anonymous_15)
DA:1,1
DA:2,1
DA:4,1
DA:5,1
DA:10,0
DA:11,0
DA:12,0
DA:13,0
DA:14,0
DA:15,0
DA:16,0
DA:20,0
DA:22,0
DA:28,0
DA:33,0
DA:39,0
DA:46,0
DA:47,0
DA:59,0
DA:60,0
DA:72,0
DA:73,0
DA:74,0
DA:87,0
DA:88,0
DA:95,0
DA:96,0
DA:97,0
DA:98,0
DA:100,0
DA:107,0
DA:108,0
DA:109,0
DA:110,0
DA:111,0
DA:112,0
DA:113,0
DA:115,0
DA:130,0
DA:131,0
DA:132,0
DA:133,0
DA:135,0
DA:143,0
DA:158,0
DA:159,0
DA:161,0
DA:162,0
DA:163,0
DA:164,0
DA:165,0
DA:166,0
DA:192,0
DA:193,0
DA:199,0
DA:219,0
DA:220,0
DA:221,0
DA:222,0
DA:223,0
DA:240,0
DA:244,0
DA:248,0
DA:255,0
DA:256,0
DA:258,0
DA:260,0
DA:261,0
DA:262,0
DA:264,0
DA:268,0
DA:269,0
DA:270,0
DA:272,0
DA:273,0
DA:274,0
DA:279,0
DA:286,0
DA:287,0
DA:289,0
DA:290,0
DA:291,0
DA:293,0
DA:296,0
DA:297,0
DA:298,0
DA:300,0
DA:302,0
DA:306,0
DA:313,0
DA:314,0
DA:316,0
DA:317,0
DA:318,0
DA:320,0
DA:324,0
DA:328,0
DA:340,1
LF:98
LH:5
BRDA:13,0,0,0
BRDA:13,0,1,0
BRDA:15,1,0,0
BRDA:15,1,1,0
BRDA:296,2,0,0
BRDA:296,2,1,0
BRF:6
BRH:0
end_of_record
TN:
SF:helpers\bcrypt.js
FN:3,encrypt
FN:8,decrypt
FNF:2
FNH:0
FNDA:0,encrypt
FNDA:0,decrypt
DA:1,1
DA:4,0
DA:5,0
DA:9,0
DA:12,1
LF:5
LH:2
BRF:0
BRH:0
end_of_record
TN:
SF:helpers\jwt.js
FN:3,generateToken
FN:7,verifyToken
FNF:2
FNH:1
FNDA:0,generateToken
FNDA:17,verifyToken
DA:1,1
DA:4,0
DA:8,17
DA:11,1
LF:4
LH:3
BRF:0
BRH:0
end_of_record
TN:
SF:middlewares\authentication.js
FN:4,InvestorAuth
FN:8,(anonymous_1)
FN:18,(anonymous_2)
FN:28,MitraAuth
FN:32,(anonymous_4)
FN:42,(anonymous_5)
FNF:6
FNH:1
FNDA:16,InvestorAuth
FNDA:0,(anonymous_1)
FNDA:0,(anonymous_2)
FNDA:0,MitraAuth
FNDA:0,(anonymous_4)
FNDA:0,(anonymous_5)
DA:1,1
DA:2,1
DA:5,16
DA:6,16
DA:7,0
DA:9,0
DA:10,0
DA:11,0
DA:13,0
DA:19,0
DA:22,16
DA:29,0
DA:30,0
DA:31,0
DA:33,0
DA:34,0
DA:35,0
DA:37,0
DA:43,0
DA:46,0
DA:52,1
LF:21
LH:6
BRDA:9,0,0,0
BRDA:9,0,1,0
BRDA:33,1,0,0
BRDA:33,1,1,0
BRF:4
BRH:0
end_of_record
TN:
SF:routes\index.js
FNF:0
FNH:0
DA:1,1
DA:2,1
DA:3,1
DA:5,1
DA:6,1
DA:8,1
LF:6
LH:6
BRF:0
BRH:0
end_of_record
TN:
SF:routes\investor.js
FNF:0
FNH:0
DA:1,1
DA:2,1
DA:3,1
DA:6,1
DA:7,1
DA:11,1
DA:12,1
DA:13,1
DA:16,1
DA:17,1
DA:18,1
DA:21,1
DA:22,1
DA:23,1
DA:25,1
LF:15
LH:15
BRF:0
BRH:0
end_of_record
TN:
SF:routes\mitra.js
FNF:0
FNH:0
DA:1,1
DA:2,1
DA:3,1
DA:6,1
DA:7,1
DA:8,1
DA:10,1
DA:13,1
DA:14,1
DA:15,1
DA:16,1
DA:20,1
DA:21,1
DA:22,1
DA:25,1
DA:28,1
DA:31,1
DA:35,1
LF:18
LH:18
BRF:0
BRH:0
end_of_record
